<?xml version="1.0" encoding="UTF-8"?>
<testsuite xmlns:xsi="http://www.w3.org/2001/XMLSchema-instance" xsi:noNamespaceSchemaLocation="https://maven.apache.org/surefire/maven-surefire-plugin/xsd/surefire-test-report.xsd" name="com.code.challenge.TopWordsChallengeApplicationTest" time="0.126" tests="4" errors="0" skipped="0" failures="0">
  <properties>
[...]
</properties>
  <testcase name="top_3_words_string_four" classname="com.code.challenge.TopWordsChallengeApplicationTest" time="0.08"/>
  <testcase name="top_3_words_string_one" classname="com.code.challenge.TopWordsChallengeApplicationTest" time="0.001"/>
  <testcase name="top_3_words_string_two" classname="com.code.challenge.TopWordsChallengeApplicationTest" time="0"/>
  <testcase name="top_3_words_string_three" classname="com.code.challenge.TopWordsChallengeApplicationTest" time="0"/>
</testsuite>